# JRE version: Java(TM) SE Runtime Environment (8.0_201-b09) (build 1.8.0_201-b09)
# Java VM: Java HotSpot(TM) 64-Bit Server VM (25.201-b09 mixed mode linux-amd64 compressed oops)
Heap:
 PSYoungGen      total 153600K, used 0K [0x00000000ec900000, 0x00000000fd900000, 0x0000000100000000)
  eden space 47616K, 0% used [0x00000000ec900000,0x00000000ec900000,0x00000000ef780000)
  from space 105984K, 0% used [0x00000000ef780000,0x00000000ef780000,0x00000000f5f00000)
  to   space 105984K, 0% used [0x00000000f7180000,0x00000000f7180000,0x00000000fd900000)
 ParOldGen       total 493568K, used 448188K [0x00000000c5a00000, 0x00000000e3c00000, 0x00000000ec900000)
  object space 493568K, 90% used [0x00000000c5a00000,0x00000000e0faf230,0x00000000e3c00000)
 Metaspace       used 2865K, capacity 4486K, committed 4864K, reserved 1056768K
  class space    used 308K, capacity 386K, committed 512K, reserved 1048576K
GC Heap History (10 events):
Event: 3,010 GC heap after
Heap after GC invocations=11 (full 3):
 PSYoungGen      total 113152K, used 74240K [0x00000000ec900000, 0x00000000fcf80000, 0x0000000100000000)
  eden space 38912K, 0% used [0x00000000ec900000,0x00000000ec900000,0x00000000eef00000)
  from space 74240K, 100% used [0x00000000f5000000,0x00000000f9880000,0x00000000f9880000)
  to   space 99328K, 0% used [0x00000000eef00000,0x00000000eef00000,0x00000000f5000000)
 ParOldGen       total 225792K, used 205206K [0x00000000c5a00000, 0x00000000d3680000, 0x00000000ec900000)
  object space 225792K, 90% used [0x00000000c5a00000,0x00000000d22659c8,0x00000000d3680000)
 Metaspace       used 2865K, capacity 4486K, committed 4864K, reserved 1056768K
  class space    used 308K, capacity 386K, committed 512K, reserved 1048576K
}
Event: 3,010 GC heap before
{Heap before GC invocations=12 (full 4):
 PSYoungGen      total 113152K, used 74240K [0x00000000ec900000, 0x00000000fcf80000, 0x0000000100000000)
  eden space 38912K, 0% used [0x00000000ec900000,0x00000000ec900000,0x00000000eef00000)
  from space 74240K, 100% used [0x00000000f5000000,0x00000000f9880000,0x00000000f9880000)
  to   space 99328K, 0% used [0x00000000eef00000,0x00000000eef00000,0x00000000f5000000)
 ParOldGen       total 225792K, used 205206K [0x00000000c5a00000, 0x00000000d3680000, 0x00000000ec900000)
  object space 225792K, 90% used [0x00000000c5a00000,0x00000000d22659c8,0x00000000d3680000)
 Metaspace       used 2865K, capacity 4486K, committed 4864K, reserved 1056768K
  class space    used 308K, capacity 386K, committed 512K, reserved 1048576K
Event: 5,137 GC heap after
Heap after GC invocations=12 (full 4):
 PSYoungGen      total 113152K, used 29681K [0x00000000ec900000, 0x00000000fcf80000, 0x0000000100000000)
  eden space 38912K, 0% used [0x00000000ec900000,0x00000000ec900000,0x00000000eef00000)
  from space 74240K, 39% used [0x00000000f5000000,0x00000000f6cfc600,0x00000000f9880000)
  to   space 99328K, 0% used [0x00000000eef00000,0x00000000eef00000,0x00000000f5000000)
 ParOldGen       total 371712K, used 225470K [0x00000000c5a00000, 0x00000000dc500000, 0x00000000ec900000)
  object space 371712K, 60% used [0x00000000c5a00000,0x00000000d362f9a8,0x00000000dc500000)
 Metaspace       used 2865K, capacity 4486K, committed 4864K, reserved 1056768K
  class space    used 308K, capacity 386K, committed 512K, reserved 1048576K
}
Event: 5,195 GC heap before
{Heap before GC invocations=13 (full 4):
 PSYoungGen      total 113152K, used 68593K [0x00000000ec900000, 0x00000000fcf80000, 0x0000000100000000)
  eden space 38912K, 100% used [0x00000000ec900000,0x00000000eef00000,0x00000000eef00000)
  from space 74240K, 39% used [0x00000000f5000000,0x00000000f6cfc600,0x00000000f9880000)
  to   space 99328K, 0% used [0x00000000eef00000,0x00000000eef00000,0x00000000f5000000)
 ParOldGen       total 371712K, used 306594K [0x00000000c5a00000, 0x00000000dc500000, 0x00000000ec900000)
  object space 371712K, 82% used [0x00000000c5a00000,0x00000000d8568970,0x00000000dc500000)
 Metaspace       used 2865K, capacity 4486K, committed 4864K, reserved 1056768K
  class space    used 308K, capacity 386K, committed 512K, reserved 1048576K
Event: 5,405 GC heap after
Heap after GC invocations=13 (full 4):
 PSYoungGen      total 138240K, used 68736K [0x00000000ec900000, 0x00000000fc480000, 0x0000000100000000)
  eden space 38912K, 0% used [0x00000000ec900000,0x00000000ec900000,0x00000000eef00000)
  from space 99328K, 69% used [0x00000000eef00000,0x00000000f3220000,0x00000000f5000000)
  to   space 103936K, 0% used [0x00000000f5f00000,0x00000000f5f00000,0x00000000fc480000)
 ParOldGen       total 371712K, used 306594K [0x00000000c5a00000, 0x00000000dc500000, 0x00000000ec900000)
  object space 371712K, 82% used [0x00000000c5a00000,0x00000000d8568970,0x00000000dc500000)
 Metaspace       used 2865K, capacity 4486K, committed 4864K, reserved 1056768K
  class space    used 308K, capacity 386K, committed 512K, reserved 1048576K
}
Event: 5,417 GC heap before
{Heap before GC invocations=14 (full 4):
 PSYoungGen      total 138240K, used 107648K [0x00000000ec900000, 0x00000000fc480000, 0x0000000100000000)
  eden space 38912K, 100% used [0x00000000ec900000,0x00000000eef00000,0x00000000eef00000)
  from space 99328K, 69% used [0x00000000eef00000,0x00000000f3220000,0x00000000f5000000)
  to   space 103936K, 0% used [0x00000000f5f00000,0x00000000f5f00000,0x00000000fc480000)
 ParOldGen       total 371712K, used 306594K [0x00000000c5a00000, 0x00000000dc500000, 0x00000000ec900000)
  object space 371712K, 82% used [0x00000000c5a00000,0x00000000d8568970,0x00000000dc500000)
 Metaspace       used 2865K, capacity 4486K, committed 4864K, reserved 1056768K
  class space    used 308K, capacity 386K, committed 512K, reserved 1048576K
Event: 5,755 GC heap after
Heap after GC invocations=14 (full 4):
 PSYoungGen      total 151552K, used 103936K [0x00000000ec900000, 0x00000000fcb80000, 0x0000000100000000)
  eden space 47616K, 0% used [0x00000000ec900000,0x00000000ec900000,0x00000000ef780000)
  from space 103936K, 100% used [0x00000000f5f00000,0x00000000fc480000,0x00000000fc480000)
  to   space 105984K, 0% used [0x00000000ef780000,0x00000000ef780000,0x00000000f5f00000)
 ParOldGen       total 371712K, used 310330K [0x00000000c5a00000, 0x00000000dc500000, 0x00000000ec900000)
  object space 371712K, 83% used [0x00000000c5a00000,0x00000000d890e970,0x00000000dc500000)
 Metaspace       used 2865K, capacity 4486K, committed 4864K, reserved 1056768K
  class space    used 308K, capacity 386K, committed 512K, reserved 1048576K
}
Event: 5,838 GC heap before
{Heap before GC invocations=15 (full 4):
 PSYoungGen      total 151552K, used 151552K [0x00000000ec900000, 0x00000000fcb80000, 0x0000000100000000)
  eden space 47616K, 100% used [0x00000000ec900000,0x00000000ef780000,0x00000000ef780000)
  from space 103936K, 100% used [0x00000000f5f00000,0x00000000fc480000,0x00000000fc480000)
  to   space 105984K, 0% used [0x00000000ef780000,0x00000000ef780000,0x00000000f5f00000)
 ParOldGen       total 493568K, used 432016K [0x00000000c5a00000, 0x00000000e3c00000, 0x00000000ec900000)
  object space 493568K, 87% used [0x00000000c5a00000,0x00000000dffe4110,0x00000000e3c00000)
 Metaspace       used 2865K, capacity 4486K, committed 4864K, reserved 1056768K
  class space    used 308K, capacity 386K, committed 512K, reserved 1048576K
Event: 6,351 GC heap after
Heap after GC invocations=15 (full 4):
 PSYoungGen      total 153600K, used 105984K [0x00000000ec900000, 0x00000000fd900000, 0x0000000100000000)
  eden space 47616K, 0% used [0x00000000ec900000,0x00000000ec900000,0x00000000ef780000)
  from space 105984K, 100% used [0x00000000ef780000,0x00000000f5f00000,0x00000000f5f00000)
  to   space 105984K, 0% used [0x00000000f7180000,0x00000000f7180000,0x00000000fd900000)
 ParOldGen       total 493568K, used 477656K [0x00000000c5a00000, 0x00000000e3c00000, 0x00000000ec900000)
  object space 493568K, 96% used [0x00000000c5a00000,0x00000000e2c76110,0x00000000e3c00000)
 Metaspace       used 2865K, capacity 4486K, committed 4864K, reserved 1056768K
  class space    used 308K, capacity 386K, committed 512K, reserved 1048576K
}
Event: 6,351 GC heap before
{Heap before GC invocations=16 (full 5):
 PSYoungGen      total 153600K, used 105984K [0x00000000ec900000, 0x00000000fd900000, 0x0000000100000000)
  eden space 47616K, 0% used [0x00000000ec900000,0x00000000ec900000,0x00000000ef780000)
  from space 105984K, 100% used [0x00000000ef780000,0x00000000f5f00000,0x00000000f5f00000)
  to   space 105984K, 0% used [0x00000000f7180000,0x00000000f7180000,0x00000000fd900000)
 ParOldGen       total 493568K, used 477656K [0x00000000c5a00000, 0x00000000e3c00000, 0x00000000ec900000)
  object space 493568K, 96% used [0x00000000c5a00000,0x00000000e2c76110,0x00000000e3c00000)
 Metaspace       used 2865K, capacity 4486K, committed 4864K, reserved 1056768K
  class space    used 308K, capacity 386K, committed 512K, reserved 1048576K

