# JRE version: Java(TM) SE Runtime Environment (8.0_201-b09) (build 1.8.0_201-b09)
# Java VM: Java HotSpot(TM) 64-Bit Server VM (25.201-b09 mixed mode linux-amd64 compressed oops)
Heap:
 PSYoungGen      total 113664K, used 27536K [0x00000000ec900000, 0x00000000fd500000, 0x0000000100000000)
  eden space 37888K, 0% used [0x00000000ec900000,0x00000000ec900000,0x00000000eee00000)
  from space 75776K, 36% used [0x00000000f5180000,0x00000000f6c64270,0x00000000f9b80000)
  to   space 101888K, 0% used [0x00000000eee00000,0x00000000eee00000,0x00000000f5180000)
 ParOldGen       total 231936K, used 231711K [0x00000000c5a00000, 0x00000000d3c80000, 0x00000000ec900000)
  object space 231936K, 99% used [0x00000000c5a00000,0x00000000d3c47da8,0x00000000d3c80000)
 Metaspace       used 2865K, capacity 4486K, committed 4864K, reserved 1056768K
  class space    used 308K, capacity 386K, committed 512K, reserved 1048576K
GC Heap History (10 events):
Event: 1,193 GC heap after
Heap after GC invocations=7 (full 2):
 PSYoungGen      total 64000K, used 2560K [0x00000000ec900000, 0x00000000f6700000, 0x0000000100000000)
  eden space 61440K, 0% used [0x00000000ec900000,0x00000000ec900000,0x00000000f0500000)
  from space 2560K, 100% used [0x00000000f0500000,0x00000000f0780000,0x00000000f0780000)
  to   space 49664K, 0% used [0x00000000f3680000,0x00000000f3680000,0x00000000f6700000)
 ParOldGen       total 141312K, used 125259K [0x00000000c5a00000, 0x00000000ce400000, 0x00000000ec900000)
  object space 141312K, 88% used [0x00000000c5a00000,0x00000000cd452ff8,0x00000000ce400000)
 Metaspace       used 2865K, capacity 4486K, committed 4864K, reserved 1056768K
  class space    used 308K, capacity 386K, committed 512K, reserved 1048576K
}
Event: 1,193 GC heap before
{Heap before GC invocations=8 (full 3):
 PSYoungGen      total 64000K, used 2560K [0x00000000ec900000, 0x00000000f6700000, 0x0000000100000000)
  eden space 61440K, 0% used [0x00000000ec900000,0x00000000ec900000,0x00000000f0500000)
  from space 2560K, 100% used [0x00000000f0500000,0x00000000f0780000,0x00000000f0780000)
  to   space 49664K, 0% used [0x00000000f3680000,0x00000000f3680000,0x00000000f6700000)
 ParOldGen       total 141312K, used 125259K [0x00000000c5a00000, 0x00000000ce400000, 0x00000000ec900000)
  object space 141312K, 88% used [0x00000000c5a00000,0x00000000cd452ff8,0x00000000ce400000)
 Metaspace       used 2865K, capacity 4486K, committed 4864K, reserved 1056768K
  class space    used 308K, capacity 386K, committed 512K, reserved 1048576K
Event: 2,145 GC heap after
Heap after GC invocations=8 (full 3):
 PSYoungGen      total 64000K, used 0K [0x00000000ec900000, 0x00000000f6700000, 0x0000000100000000)
  eden space 61440K, 0% used [0x00000000ec900000,0x00000000ec900000,0x00000000f0500000)
  from space 2560K, 0% used [0x00000000f0500000,0x00000000f0500000,0x00000000f0780000)
  to   space 49664K, 0% used [0x00000000f3680000,0x00000000f3680000,0x00000000f6700000)
 ParOldGen       total 231936K, used 111659K [0x00000000c5a00000, 0x00000000d3c80000, 0x00000000ec900000)
  object space 231936K, 48% used [0x00000000c5a00000,0x00000000cc70ad30,0x00000000d3c80000)
 Metaspace       used 2865K, capacity 4486K, committed 4864K, reserved 1056768K
  class space    used 308K, capacity 386K, committed 512K, reserved 1048576K
}
Event: 2,173 GC heap before
{Heap before GC invocations=9 (full 3):
 PSYoungGen      total 64000K, used 61440K [0x00000000ec900000, 0x00000000f6700000, 0x0000000100000000)
  eden space 61440K, 100% used [0x00000000ec900000,0x00000000f0500000,0x00000000f0500000)
  from space 2560K, 0% used [0x00000000f0500000,0x00000000f0500000,0x00000000f0780000)
  to   space 49664K, 0% used [0x00000000f3680000,0x00000000f3680000,0x00000000f6700000)
 ParOldGen       total 231936K, used 111659K [0x00000000c5a00000, 0x00000000d3c80000, 0x00000000ec900000)
  object space 231936K, 48% used [0x00000000c5a00000,0x00000000cc70ad30,0x00000000d3c80000)
 Metaspace       used 2865K, capacity 4486K, committed 4864K, reserved 1056768K
  class space    used 308K, capacity 386K, committed 512K, reserved 1048576K
Event: 2,245 GC heap after
Heap after GC invocations=9 (full 3):
 PSYoungGen      total 95744K, used 49655K [0x00000000ec900000, 0x00000000f9980000, 0x0000000100000000)
  eden space 46080K, 0% used [0x00000000ec900000,0x00000000ec900000,0x00000000ef600000)
  from space 49664K, 99% used [0x00000000f3680000,0x00000000f66fdc60,0x00000000f6700000)
  to   space 66048K, 0% used [0x00000000ef600000,0x00000000ef600000,0x00000000f3680000)
 ParOldGen       total 231936K, used 123507K [0x00000000c5a00000, 0x00000000d3c80000, 0x00000000ec900000)
  object space 231936K, 53% used [0x00000000c5a00000,0x00000000cd29cd30,0x00000000d3c80000)
 Metaspace       used 2865K, capacity 4486K, committed 4864K, reserved 1056768K
  class space    used 308K, capacity 386K, committed 512K, reserved 1048576K
}
Event: 4,835 GC heap before
{Heap before GC invocations=10 (full 3):
 PSYoungGen      total 95744K, used 95735K [0x00000000ec900000, 0x00000000f9980000, 0x0000000100000000)
  eden space 46080K, 100% used [0x00000000ec900000,0x00000000ef600000,0x00000000ef600000)
  from space 49664K, 99% used [0x00000000f3680000,0x00000000f66fdc60,0x00000000f6700000)
  to   space 66048K, 0% used [0x00000000ef600000,0x00000000ef600000,0x00000000f3680000)
 ParOldGen       total 231936K, used 177589K [0x00000000c5a00000, 0x00000000d3c80000, 0x00000000ec900000)
  object space 231936K, 76% used [0x00000000c5a00000,0x00000000d076d7b8,0x00000000d3c80000)
 Metaspace       used 2865K, capacity 4486K, committed 4864K, reserved 1056768K
  class space    used 308K, capacity 386K, committed 512K, reserved 1048576K
Event: 8,033 GC heap after
Heap after GC invocations=10 (full 3):
 PSYoungGen      total 112128K, used 59840K [0x00000000ec900000, 0x00000000f9b80000, 0x0000000100000000)
  eden space 46080K, 0% used [0x00000000ec900000,0x00000000ec900000,0x00000000ef600000)
  from space 66048K, 90% used [0x00000000ef600000,0x00000000f3070000,0x00000000f3680000)
  to   space 75776K, 0% used [0x00000000f5180000,0x00000000f5180000,0x00000000f9b80000)
 ParOldGen       total 231936K, used 177589K [0x00000000c5a00000, 0x00000000d3c80000, 0x00000000ec900000)
  object space 231936K, 76% used [0x00000000c5a00000,0x00000000d076d7b8,0x00000000d3c80000)
 Metaspace       used 2865K, capacity 4486K, committed 4864K, reserved 1056768K
  class space    used 308K, capacity 386K, committed 512K, reserved 1048576K
}
Event: 8,054 GC heap before
{Heap before GC invocations=11 (full 3):
 PSYoungGen      total 112128K, used 105920K [0x00000000ec900000, 0x00000000f9b80000, 0x0000000100000000)
  eden space 46080K, 100% used [0x00000000ec900000,0x00000000ef600000,0x00000000ef600000)
  from space 66048K, 90% used [0x00000000ef600000,0x00000000f3070000,0x00000000f3680000)
  to   space 75776K, 0% used [0x00000000f5180000,0x00000000f5180000,0x00000000f9b80000)
 ParOldGen       total 231936K, used 177589K [0x00000000c5a00000, 0x00000000d3c80000, 0x00000000ec900000)
  object space 231936K, 76% used [0x00000000c5a00000,0x00000000d076d7b8,0x00000000d3c80000)
 Metaspace       used 2865K, capacity 4486K, committed 4864K, reserved 1056768K
  class space    used 308K, capacity 386K, committed 512K, reserved 1048576K
Event: 8,647 GC heap after
Heap after GC invocations=11 (full 3):
 PSYoungGen      total 113664K, used 75776K [0x00000000ec900000, 0x00000000fd500000, 0x0000000100000000)
  eden space 37888K, 0% used [0x00000000ec900000,0x00000000ec900000,0x00000000eee00000)
  from space 75776K, 100% used [0x00000000f5180000,0x00000000f9b80000,0x00000000f9b80000)
  to   space 101888K, 0% used [0x00000000eee00000,0x00000000eee00000,0x00000000f5180000)
 ParOldGen       total 231936K, used 207765K [0x00000000c5a00000, 0x00000000d3c80000, 0x00000000ec900000)
  object space 231936K, 89% used [0x00000000c5a00000,0x00000000d24e57b8,0x00000000d3c80000)
 Metaspace       used 2865K, capacity 4486K, committed 4864K, reserved 1056768K
  class space    used 308K, capacity 386K, committed 512K, reserved 1048576K
}
Event: 8,925 GC heap before
{Heap before GC invocations=12 (full 4):
 PSYoungGen      total 113664K, used 75776K [0x00000000ec900000, 0x00000000fd500000, 0x0000000100000000)
  eden space 37888K, 0% used [0x00000000ec900000,0x00000000ec900000,0x00000000eee00000)
  from space 75776K, 100% used [0x00000000f5180000,0x00000000f9b80000,0x00000000f9b80000)
  to   space 101888K, 0% used [0x00000000eee00000,0x00000000eee00000,0x00000000f5180000)
 ParOldGen       total 231936K, used 207765K [0x00000000c5a00000, 0x00000000d3c80000, 0x00000000ec900000)
  object space 231936K, 89% used [0x00000000c5a00000,0x00000000d24e57b8,0x00000000d3c80000)
 Metaspace       used 2865K, capacity 4486K, committed 4864K, reserved 1056768K
  class space    used 308K, capacity 386K, committed 512K, reserved 1048576K

