# JRE version: Java(TM) SE Runtime Environment (8.0_111-b14) (build 1.8.0_111-b14)
# Java VM: Java HotSpot(TM) 64-Bit Server VM (25.111-b14 mixed mode linux-amd64 compressed oops)
Heap:
 PSYoungGen      total 350720K, used 21263K [0x00000000d7000000, 0x00000000fbe80000, 0x0000000100000000)
  eden space 126976K, 0% used [0x00000000d7000000,0x00000000d7000000,0x00000000dec00000)
  from space 223744K, 9% used [0x00000000dec00000,0x00000000e00c3fa0,0x00000000ec680000)
  to   space 223744K, 0% used [0x00000000ee400000,0x00000000ee400000,0x00000000fbe80000)
 ParOldGen       total 806400K, used 805955K [0x0000000085000000, 0x00000000b6380000, 0x00000000d7000000)
  object space 806400K, 99% used [0x0000000085000000,0x00000000b6310c80,0x00000000b6380000)
 Metaspace       used 7777K, capacity 7932K, committed 8192K, reserved 1056768K
  class space    used 893K, capacity 961K, committed 1024K, reserved 1048576K
GC Heap History (10 events):
Event: 55,083 GC heap after
Heap after GC invocations=15 (full 3):
 PSYoungGen      total 327168K, used 208676K [0x00000000d7000000, 0x00000000f8d00000, 0x0000000100000000)
  eden space 103424K, 0% used [0x00000000d7000000,0x00000000d7000000,0x00000000dd500000)
  from space 223744K, 93% used [0x00000000eaf80000,0x00000000f7b491e0,0x00000000f8a00000)
  to   space 223744K, 0% used [0x00000000dd500000,0x00000000dd500000,0x00000000eaf80000)
 ParOldGen       total 539648K, used 390835K [0x0000000085000000, 0x00000000a5f00000, 0x00000000d7000000)
  object space 539648K, 72% used [0x0000000085000000,0x000000009cdacd08,0x00000000a5f00000)
 Metaspace       used 7777K, capacity 7932K, committed 8192K, reserved 1056768K
  class space    used 893K, capacity 961K, committed 1024K, reserved 1048576K
}
Event: 56,527 GC heap before
{Heap before GC invocations=16 (full 3):
 PSYoungGen      total 327168K, used 312100K [0x00000000d7000000, 0x00000000f8d00000, 0x0000000100000000)
  eden space 103424K, 100% used [0x00000000d7000000,0x00000000dd500000,0x00000000dd500000)
  from space 223744K, 93% used [0x00000000eaf80000,0x00000000f7b491e0,0x00000000f8a00000)
  to   space 223744K, 0% used [0x00000000dd500000,0x00000000dd500000,0x00000000eaf80000)
 ParOldGen       total 539648K, used 390835K [0x0000000085000000, 0x00000000a5f00000, 0x00000000d7000000)
  object space 539648K, 72% used [0x0000000085000000,0x000000009cdacd08,0x00000000a5f00000)
 Metaspace       used 7777K, capacity 7932K, committed 8192K, reserved 1056768K
  class space    used 893K, capacity 961K, committed 1024K, reserved 1048576K
Event: 58,899 GC heap after
Heap after GC invocations=16 (full 3):
 PSYoungGen      total 327168K, used 188266K [0x00000000d7000000, 0x00000000fa680000, 0x0000000100000000)
  eden space 103424K, 0% used [0x00000000d7000000,0x00000000d7000000,0x00000000dd500000)
  from space 223744K, 84% used [0x00000000dd500000,0x00000000e8cda910,0x00000000eaf80000)
  to   space 223744K, 0% used [0x00000000ecc00000,0x00000000ecc00000,0x00000000fa680000)
 ParOldGen       total 539648K, used 482509K [0x0000000085000000, 0x00000000a5f00000, 0x00000000d7000000)
  object space 539648K, 89% used [0x0000000085000000,0x00000000a27335c0,0x00000000a5f00000)
 Metaspace       used 7777K, capacity 7932K, committed 8192K, reserved 1056768K
  class space    used 893K, capacity 961K, committed 1024K, reserved 1048576K
}
Event: 58,899 GC heap before
{Heap before GC invocations=17 (full 4):
 PSYoungGen      total 327168K, used 188266K [0x00000000d7000000, 0x00000000fa680000, 0x0000000100000000)
  eden space 103424K, 0% used [0x00000000d7000000,0x00000000d7000000,0x00000000dd500000)
  from space 223744K, 84% used [0x00000000dd500000,0x00000000e8cda910,0x00000000eaf80000)
  to   space 223744K, 0% used [0x00000000ecc00000,0x00000000ecc00000,0x00000000fa680000)
 ParOldGen       total 539648K, used 482509K [0x0000000085000000, 0x00000000a5f00000, 0x00000000d7000000)
  object space 539648K, 89% used [0x0000000085000000,0x00000000a27335c0,0x00000000a5f00000)
 Metaspace       used 7777K, capacity 7932K, committed 8192K, reserved 1056768K
  class space    used 893K, capacity 961K, committed 1024K, reserved 1048576K
Event: 78,514 GC heap after
Heap after GC invocations=17 (full 4):
 PSYoungGen      total 327168K, used 130753K [0x00000000d7000000, 0x00000000fa680000, 0x0000000100000000)
  eden space 103424K, 0% used [0x00000000d7000000,0x00000000d7000000,0x00000000dd500000)
  from space 223744K, 58% used [0x00000000dd500000,0x00000000e54b0570,0x00000000eaf80000)
  to   space 223744K, 0% used [0x00000000ecc00000,0x00000000ecc00000,0x00000000fa680000)
 ParOldGen       total 806400K, used 538866K [0x0000000085000000, 0x00000000b6380000, 0x00000000d7000000)
  object space 806400K, 66% used [0x0000000085000000,0x00000000a5e3c810,0x00000000b6380000)
 Metaspace       used 7777K, capacity 7932K, committed 8192K, reserved 1056768K
  class space    used 893K, capacity 961K, committed 1024K, reserved 1048576K
}
Event: 79,616 GC heap before
{Heap before GC invocations=18 (full 4):
 PSYoungGen      total 327168K, used 234177K [0x00000000d7000000, 0x00000000fa680000, 0x0000000100000000)
  eden space 103424K, 100% used [0x00000000d7000000,0x00000000dd500000,0x00000000dd500000)
  from space 223744K, 58% used [0x00000000dd500000,0x00000000e54b0570,0x00000000eaf80000)
  to   space 223744K, 0% used [0x00000000ecc00000,0x00000000ecc00000,0x00000000fa680000)
 ParOldGen       total 806400K, used 538866K [0x0000000085000000, 0x00000000b6380000, 0x00000000d7000000)
  object space 806400K, 66% used [0x0000000085000000,0x00000000a5e3c810,0x00000000b6380000)
 Metaspace       used 7777K, capacity 7932K, committed 8192K, reserved 1056768K
  class space    used 893K, capacity 961K, committed 1024K, reserved 1048576K
Event: 81,822 GC heap after
Heap after GC invocations=18 (full 4):
 PSYoungGen      total 345088K, used 98693K [0x00000000d7000000, 0x00000000fa100000, 0x0000000100000000)
  eden space 126976K, 0% used [0x00000000d7000000,0x00000000d7000000,0x00000000dec00000)
  from space 218112K, 45% used [0x00000000ecc00000,0x00000000f2c614f8,0x00000000fa100000)
  to   space 223744K, 0% used [0x00000000dec00000,0x00000000dec00000,0x00000000ec680000)
 ParOldGen       total 806400K, used 642540K [0x0000000085000000, 0x00000000b6380000, 0x00000000d7000000)
  object space 806400K, 79% used [0x0000000085000000,0x00000000ac37b0c8,0x00000000b6380000)
 Metaspace       used 7777K, capacity 7932K, committed 8192K, reserved 1056768K
  class space    used 893K, capacity 961K, committed 1024K, reserved 1048576K
}
Event: 83,415 GC heap before
{Heap before GC invocations=19 (full 4):
 PSYoungGen      total 345088K, used 225669K [0x00000000d7000000, 0x00000000fa100000, 0x0000000100000000)
  eden space 126976K, 100% used [0x00000000d7000000,0x00000000dec00000,0x00000000dec00000)
  from space 218112K, 45% used [0x00000000ecc00000,0x00000000f2c614f8,0x00000000fa100000)
  to   space 223744K, 0% used [0x00000000dec00000,0x00000000dec00000,0x00000000ec680000)
 ParOldGen       total 806400K, used 642540K [0x0000000085000000, 0x00000000b6380000, 0x00000000d7000000)
  object space 806400K, 79% used [0x0000000085000000,0x00000000ac37b0c8,0x00000000b6380000)
 Metaspace       used 7777K, capacity 7932K, committed 8192K, reserved 1056768K
  class space    used 893K, capacity 961K, committed 1024K, reserved 1048576K
Event: 84,708 GC heap after
Heap after GC invocations=19 (full 4):
 PSYoungGen      total 350720K, used 87915K [0x00000000d7000000, 0x00000000fbe80000, 0x0000000100000000)
  eden space 126976K, 0% used [0x00000000d7000000,0x00000000d7000000,0x00000000dec00000)
  from space 223744K, 39% used [0x00000000dec00000,0x00000000e41dadd0,0x00000000ec680000)
  to   space 223744K, 0% used [0x00000000ee400000,0x00000000ee400000,0x00000000fbe80000)
 ParOldGen       total 806400K, used 740503K [0x0000000085000000, 0x00000000b6380000, 0x00000000d7000000)
  object space 806400K, 91% used [0x0000000085000000,0x00000000b2325e28,0x00000000b6380000)
 Metaspace       used 7777K, capacity 7932K, committed 8192K, reserved 1056768K
  class space    used 893K, capacity 961K, committed 1024K, reserved 1048576K
}
Event: 84,708 GC heap before
{Heap before GC invocations=20 (full 5):
 PSYoungGen      total 350720K, used 87915K [0x00000000d7000000, 0x00000000fbe80000, 0x0000000100000000)
  eden space 126976K, 0% used [0x00000000d7000000,0x00000000d7000000,0x00000000dec00000)
  from space 223744K, 39% used [0x00000000dec00000,0x00000000e41dadd0,0x00000000ec680000)
  to   space 223744K, 0% used [0x00000000ee400000,0x00000000ee400000,0x00000000fbe80000)
 ParOldGen       total 806400K, used 740503K [0x0000000085000000, 0x00000000b6380000, 0x00000000d7000000)
  object space 806400K, 91% used [0x0000000085000000,0x00000000b2325e28,0x00000000b6380000)
 Metaspace       used 7777K, capacity 7932K, committed 8192K, reserved 1056768K
  class space    used 893K, capacity 961K, committed 1024K, reserved 1048576K

