# JRE version: Java(TM) SE Runtime Environment (8.0_201-b09) (build 1.8.0_201-b09)
# Java VM: Java HotSpot(TM) 64-Bit Server VM (25.201-b09 mixed mode linux-amd64 compressed oops)
Heap:
 PSYoungGen      total 161792K, used 0K [0x00000000ec900000, 0x00000000fe380000, 0x0000000100000000)
  eden space 55808K, 0% used [0x00000000ec900000,0x00000000ec900000,0x00000000eff80000)
  from space 105984K, 0% used [0x00000000eff80000,0x00000000eff80000,0x00000000f6700000)
  to   space 105984K, 0% used [0x00000000f7c00000,0x00000000f7c00000,0x00000000fe380000)
 ParOldGen       total 545792K, used 532670K [0x00000000c5a00000, 0x00000000e6f00000, 0x00000000ec900000)
  object space 545792K, 97% used [0x00000000c5a00000,0x00000000e622f920,0x00000000e6f00000)
 Metaspace       used 2865K, capacity 4486K, committed 4864K, reserved 1056768K
  class space    used 308K, capacity 386K, committed 512K, reserved 1048576K
GC Heap History (10 events):
Event: 5,575 GC heap after
Heap after GC invocations=14 (full 4):
 PSYoungGen      total 141312K, used 99328K [0x00000000ec900000, 0x00000000fca00000, 0x0000000100000000)
  eden space 41984K, 0% used [0x00000000ec900000,0x00000000ec900000,0x00000000ef200000)
  from space 99328K, 100% used [0x00000000f5980000,0x00000000fba80000,0x00000000fba80000)
  to   space 105984K, 0% used [0x00000000ef200000,0x00000000ef200000,0x00000000f5980000)
 ParOldGen       total 368128K, used 307280K [0x00000000c5a00000, 0x00000000dc180000, 0x00000000ec900000)
  object space 368128K, 83% used [0x00000000c5a00000,0x00000000d86141e0,0x00000000dc180000)
 Metaspace       used 2865K, capacity 4486K, committed 4864K, reserved 1056768K
  class space    used 308K, capacity 386K, committed 512K, reserved 1048576K
}
Event: 5,589 GC heap before
{Heap before GC invocations=15 (full 4):
 PSYoungGen      total 141312K, used 141312K [0x00000000ec900000, 0x00000000fca00000, 0x0000000100000000)
  eden space 41984K, 100% used [0x00000000ec900000,0x00000000ef200000,0x00000000ef200000)
  from space 99328K, 100% used [0x00000000f5980000,0x00000000fba80000,0x00000000fba80000)
  to   space 105984K, 0% used [0x00000000ef200000,0x00000000ef200000,0x00000000f5980000)
 ParOldGen       total 368128K, used 307280K [0x00000000c5a00000, 0x00000000dc180000, 0x00000000ec900000)
  object space 368128K, 83% used [0x00000000c5a00000,0x00000000d86141e0,0x00000000dc180000)
 Metaspace       used 2865K, capacity 4486K, committed 4864K, reserved 1056768K
  class space    used 308K, capacity 386K, committed 512K, reserved 1048576K
Event: 6,047 GC heap after
Heap after GC invocations=15 (full 4):
 PSYoungGen      total 147968K, used 105984K [0x00000000ec900000, 0x00000000fd200000, 0x0000000100000000)
  eden space 41984K, 0% used [0x00000000ec900000,0x00000000ec900000,0x00000000ef200000)
  from space 105984K, 100% used [0x00000000ef200000,0x00000000f5980000,0x00000000f5980000)
  to   space 105984K, 0% used [0x00000000f6a80000,0x00000000f6a80000,0x00000000fd200000)
 ParOldGen       total 368128K, used 342672K [0x00000000c5a00000, 0x00000000dc180000, 0x00000000ec900000)
  object space 368128K, 93% used [0x00000000c5a00000,0x00000000da8a41e0,0x00000000dc180000)
 Metaspace       used 2865K, capacity 4486K, committed 4864K, reserved 1056768K
  class space    used 308K, capacity 386K, committed 512K, reserved 1048576K
}
Event: 6,047 GC heap before
{Heap before GC invocations=16 (full 5):
 PSYoungGen      total 147968K, used 105984K [0x00000000ec900000, 0x00000000fd200000, 0x0000000100000000)
  eden space 41984K, 0% used [0x00000000ec900000,0x00000000ec900000,0x00000000ef200000)
  from space 105984K, 100% used [0x00000000ef200000,0x00000000f5980000,0x00000000f5980000)
  to   space 105984K, 0% used [0x00000000f6a80000,0x00000000f6a80000,0x00000000fd200000)
 ParOldGen       total 368128K, used 342672K [0x00000000c5a00000, 0x00000000dc180000, 0x00000000ec900000)
  object space 368128K, 93% used [0x00000000c5a00000,0x00000000da8a41e0,0x00000000dc180000)
 Metaspace       used 2865K, capacity 4486K, committed 4864K, reserved 1056768K
  class space    used 308K, capacity 386K, committed 512K, reserved 1048576K
Event: 8,989 GC heap after
Heap after GC invocations=16 (full 5):
 PSYoungGen      total 147968K, used 26611K [0x00000000ec900000, 0x00000000fd200000, 0x0000000100000000)
  eden space 41984K, 0% used [0x00000000ec900000,0x00000000ec900000,0x00000000ef200000)
  from space 105984K, 25% used [0x00000000ef200000,0x00000000f0bfcc00,0x00000000f5980000)
  to   space 105984K, 0% used [0x00000000f6a80000,0x00000000f6a80000,0x00000000fd200000)
 ParOldGen       total 545792K, used 367706K [0x00000000c5a00000, 0x00000000e6f00000, 0x00000000ec900000)
  object space 545792K, 67% used [0x00000000c5a00000,0x00000000dc116ba8,0x00000000e6f00000)
 Metaspace       used 2865K, capacity 4486K, committed 4864K, reserved 1056768K
  class space    used 308K, capacity 386K, committed 512K, reserved 1048576K
}
Event: 9,078 GC heap before
{Heap before GC invocations=17 (full 5):
 PSYoungGen      total 147968K, used 68595K [0x00000000ec900000, 0x00000000fd200000, 0x0000000100000000)
  eden space 41984K, 100% used [0x00000000ec900000,0x00000000ef200000,0x00000000ef200000)
  from space 105984K, 25% used [0x00000000ef200000,0x00000000f0bfcc00,0x00000000f5980000)
  to   space 105984K, 0% used [0x00000000f6a80000,0x00000000f6a80000,0x00000000fd200000)
 ParOldGen       total 545792K, used 489392K [0x00000000c5a00000, 0x00000000e6f00000, 0x00000000ec900000)
  object space 545792K, 89% used [0x00000000c5a00000,0x00000000e37ec348,0x00000000e6f00000)
 Metaspace       used 2865K, capacity 4486K, committed 4864K, reserved 1056768K
  class space    used 308K, capacity 386K, committed 512K, reserved 1048576K
Event: 9,307 GC heap after
Heap after GC invocations=17 (full 5):
 PSYoungGen      total 158208K, used 68736K [0x00000000ec900000, 0x00000000fce80000, 0x0000000100000000)
  eden space 55808K, 0% used [0x00000000ec900000,0x00000000ec900000,0x00000000eff80000)
  from space 102400K, 67% used [0x00000000f6a80000,0x00000000fada0000,0x00000000fce80000)
  to   space 105984K, 0% used [0x00000000eff80000,0x00000000eff80000,0x00000000f6700000)
 ParOldGen       total 545792K, used 489392K [0x00000000c5a00000, 0x00000000e6f00000, 0x00000000ec900000)
  object space 545792K, 89% used [0x00000000c5a00000,0x00000000e37ec348,0x00000000e6f00000)
 Metaspace       used 2865K, capacity 4486K, committed 4864K, reserved 1056768K
  class space    used 308K, capacity 386K, committed 512K, reserved 1048576K
}
Event: 9,323 GC heap before
{Heap before GC invocations=18 (full 5):
 PSYoungGen      total 158208K, used 124544K [0x00000000ec900000, 0x00000000fce80000, 0x0000000100000000)
  eden space 55808K, 100% used [0x00000000ec900000,0x00000000eff80000,0x00000000eff80000)
  from space 102400K, 67% used [0x00000000f6a80000,0x00000000fada0000,0x00000000fce80000)
  to   space 105984K, 0% used [0x00000000eff80000,0x00000000eff80000,0x00000000f6700000)
 ParOldGen       total 545792K, used 489392K [0x00000000c5a00000, 0x00000000e6f00000, 0x00000000ec900000)
  object space 545792K, 89% used [0x00000000c5a00000,0x00000000e37ec348,0x00000000e6f00000)
 Metaspace       used 2865K, capacity 4486K, committed 4864K, reserved 1056768K
  class space    used 308K, capacity 386K, committed 512K, reserved 1048576K
Event: 9,742 GC heap after
Heap after GC invocations=18 (full 5):
 PSYoungGen      total 161792K, used 105984K [0x00000000ec900000, 0x00000000fe380000, 0x0000000100000000)
  eden space 55808K, 0% used [0x00000000ec900000,0x00000000ec900000,0x00000000eff80000)
  from space 105984K, 100% used [0x00000000eff80000,0x00000000f6700000,0x00000000f6700000)
  to   space 105984K, 0% used [0x00000000f7c00000,0x00000000f7c00000,0x00000000fe380000)
 ParOldGen       total 545792K, used 508032K [0x00000000c5a00000, 0x00000000e6f00000, 0x00000000ec900000)
  object space 545792K, 93% used [0x00000000c5a00000,0x00000000e4a20348,0x00000000e6f00000)
 Metaspace       used 2865K, capacity 4486K, committed 4864K, reserved 1056768K
  class space    used 308K, capacity 386K, committed 512K, reserved 1048576K
}
Event: 9,745 GC heap before
{Heap before GC invocations=19 (full 6):
 PSYoungGen      total 161792K, used 105984K [0x00000000ec900000, 0x00000000fe380000, 0x0000000100000000)
  eden space 55808K, 0% used [0x00000000ec900000,0x00000000ec900000,0x00000000eff80000)
  from space 105984K, 100% used [0x00000000eff80000,0x00000000f6700000,0x00000000f6700000)
  to   space 105984K, 0% used [0x00000000f7c00000,0x00000000f7c00000,0x00000000fe380000)
 ParOldGen       total 545792K, used 508032K [0x00000000c5a00000, 0x00000000e6f00000, 0x00000000ec900000)
  object space 545792K, 93% used [0x00000000c5a00000,0x00000000e4a20348,0x00000000e6f00000)
 Metaspace       used 2865K, capacity 4486K, committed 4864K, reserved 1056768K
  class space    used 308K, capacity 386K, committed 512K, reserved 1048576K

