# JRE version: Java(TM) SE Runtime Environment (8.0_201-b09) (build 1.8.0_201-b09)
# Java VM: Java HotSpot(TM) 64-Bit Server VM (25.201-b09 mixed mode linux-amd64 compressed oops)
Heap:
 PSYoungGen      total 148992K, used 8699K [0x00000000ec900000, 0x00000000fd380000, 0x0000000100000000)
  eden space 43008K, 0% used [0x00000000ec900000,0x00000000ec900000,0x00000000ef300000)
  from space 105984K, 8% used [0x00000000ef300000,0x00000000efb7ef00,0x00000000f5a80000)
  to   space 105984K, 0% used [0x00000000f6c00000,0x00000000f6c00000,0x00000000fd380000)
 ParOldGen       total 393216K, used 392787K [0x00000000c5a00000, 0x00000000dda00000, 0x00000000ec900000)
  object space 393216K, 99% used [0x00000000c5a00000,0x00000000dd994de8,0x00000000dda00000)
 Metaspace       used 2865K, capacity 4486K, committed 4864K, reserved 1056768K
  class space    used 308K, capacity 386K, committed 512K, reserved 1048576K
GC Heap History (10 events):
Event: 2,969 GC heap after
Heap after GC invocations=11 (full 3):
 PSYoungGen      total 112640K, used 73728K [0x00000000ec900000, 0x00000000fce00000, 0x0000000100000000)
  eden space 38912K, 0% used [0x00000000ec900000,0x00000000ec900000,0x00000000eef00000)
  from space 73728K, 100% used [0x00000000f4f80000,0x00000000f9780000,0x00000000f9780000)
  to   space 98816K, 0% used [0x00000000eef00000,0x00000000eef00000,0x00000000f4f80000)
 ParOldGen       total 233984K, used 204222K [0x00000000c5a00000, 0x00000000d3e80000, 0x00000000ec900000)
  object space 233984K, 87% used [0x00000000c5a00000,0x00000000d216f9c8,0x00000000d3e80000)
 Metaspace       used 2865K, capacity 4486K, committed 4864K, reserved 1056768K
  class space    used 308K, capacity 386K, committed 512K, reserved 1048576K
}
Event: 2,969 GC heap before
{Heap before GC invocations=12 (full 4):
 PSYoungGen      total 112640K, used 73728K [0x00000000ec900000, 0x00000000fce00000, 0x0000000100000000)
  eden space 38912K, 0% used [0x00000000ec900000,0x00000000ec900000,0x00000000eef00000)
  from space 73728K, 100% used [0x00000000f4f80000,0x00000000f9780000,0x00000000f9780000)
  to   space 98816K, 0% used [0x00000000eef00000,0x00000000eef00000,0x00000000f4f80000)
 ParOldGen       total 233984K, used 204222K [0x00000000c5a00000, 0x00000000d3e80000, 0x00000000ec900000)
  object space 233984K, 87% used [0x00000000c5a00000,0x00000000d216f9c8,0x00000000d3e80000)
 Metaspace       used 2865K, capacity 4486K, committed 4864K, reserved 1056768K
  class space    used 308K, capacity 386K, committed 512K, reserved 1048576K
Event: 5,064 GC heap after
Heap after GC invocations=12 (full 4):
 PSYoungGen      total 112640K, used 19958K [0x00000000ec900000, 0x00000000fce00000, 0x0000000100000000)
  eden space 38912K, 0% used [0x00000000ec900000,0x00000000ec900000,0x00000000eef00000)
  from space 73728K, 27% used [0x00000000f4f80000,0x00000000f62fd900,0x00000000f9780000)
  to   space 98816K, 0% used [0x00000000eef00000,0x00000000eef00000,0x00000000f4f80000)
 ParOldGen       total 393216K, used 233658K [0x00000000c5a00000, 0x00000000dda00000, 0x00000000ec900000)
  object space 393216K, 59% used [0x00000000c5a00000,0x00000000d3e2e838,0x00000000dda00000)
 Metaspace       used 2865K, capacity 4486K, committed 4864K, reserved 1056768K
  class space    used 308K, capacity 386K, committed 512K, reserved 1048576K
}
Event: 5,122 GC heap before
{Heap before GC invocations=13 (full 4):
 PSYoungGen      total 112640K, used 58870K [0x00000000ec900000, 0x00000000fce00000, 0x0000000100000000)
  eden space 38912K, 100% used [0x00000000ec900000,0x00000000eef00000,0x00000000eef00000)
  from space 73728K, 27% used [0x00000000f4f80000,0x00000000f62fd900,0x00000000f9780000)
  to   space 98816K, 0% used [0x00000000eef00000,0x00000000eef00000,0x00000000f4f80000)
 ParOldGen       total 393216K, used 314782K [0x00000000c5a00000, 0x00000000dda00000, 0x00000000ec900000)
  object space 393216K, 80% used [0x00000000c5a00000,0x00000000d8d67800,0x00000000dda00000)
 Metaspace       used 2865K, capacity 4486K, committed 4864K, reserved 1056768K
  class space    used 308K, capacity 386K, committed 512K, reserved 1048576K
Event: 5,308 GC heap after
Heap after GC invocations=13 (full 4):
 PSYoungGen      total 137728K, used 59008K [0x00000000ec900000, 0x00000000fbb80000, 0x0000000100000000)
  eden space 38912K, 0% used [0x00000000ec900000,0x00000000ec900000,0x00000000eef00000)
  from space 98816K, 59% used [0x00000000eef00000,0x00000000f28a0000,0x00000000f4f80000)
  to   space 99328K, 0% used [0x00000000f5a80000,0x00000000f5a80000,0x00000000fbb80000)
 ParOldGen       total 393216K, used 314782K [0x00000000c5a00000, 0x00000000dda00000, 0x00000000ec900000)
  object space 393216K, 80% used [0x00000000c5a00000,0x00000000d8d67800,0x00000000dda00000)
 Metaspace       used 2865K, capacity 4486K, committed 4864K, reserved 1056768K
  class space    used 308K, capacity 386K, committed 512K, reserved 1048576K
}
Event: 5,320 GC heap before
{Heap before GC invocations=14 (full 4):
 PSYoungGen      total 137728K, used 97920K [0x00000000ec900000, 0x00000000fbb80000, 0x0000000100000000)
  eden space 38912K, 100% used [0x00000000ec900000,0x00000000eef00000,0x00000000eef00000)
  from space 98816K, 59% used [0x00000000eef00000,0x00000000f28a0000,0x00000000f4f80000)
  to   space 99328K, 0% used [0x00000000f5a80000,0x00000000f5a80000,0x00000000fbb80000)
 ParOldGen       total 393216K, used 314782K [0x00000000c5a00000, 0x00000000dda00000, 0x00000000ec900000)
  object space 393216K, 80% used [0x00000000c5a00000,0x00000000d8d67800,0x00000000dda00000)
 Metaspace       used 2865K, capacity 4486K, committed 4864K, reserved 1056768K
  class space    used 308K, capacity 386K, committed 512K, reserved 1048576K
Event: 5,618 GC heap after
Heap after GC invocations=14 (full 4):
 PSYoungGen      total 142336K, used 97920K [0x00000000ec900000, 0x00000000fcb80000, 0x0000000100000000)
  eden space 43008K, 0% used [0x00000000ec900000,0x00000000ec900000,0x00000000ef300000)
  from space 99328K, 98% used [0x00000000f5a80000,0x00000000fba20000,0x00000000fbb80000)
  to   space 105984K, 0% used [0x00000000ef300000,0x00000000ef300000,0x00000000f5a80000)
 ParOldGen       total 393216K, used 314782K [0x00000000c5a00000, 0x00000000dda00000, 0x00000000ec900000)
  object space 393216K, 80% used [0x00000000c5a00000,0x00000000d8d67800,0x00000000dda00000)
 Metaspace       used 2865K, capacity 4486K, committed 4864K, reserved 1056768K
  class space    used 308K, capacity 386K, committed 512K, reserved 1048576K
}
Event: 5,632 GC heap before
{Heap before GC invocations=15 (full 4):
 PSYoungGen      total 142336K, used 140928K [0x00000000ec900000, 0x00000000fcb80000, 0x0000000100000000)
  eden space 43008K, 100% used [0x00000000ec900000,0x00000000ef300000,0x00000000ef300000)
  from space 99328K, 98% used [0x00000000f5a80000,0x00000000fba20000,0x00000000fbb80000)
  to   space 105984K, 0% used [0x00000000ef300000,0x00000000ef300000,0x00000000f5a80000)
 ParOldGen       total 393216K, used 314782K [0x00000000c5a00000, 0x00000000dda00000, 0x00000000ec900000)
  object space 393216K, 80% used [0x00000000c5a00000,0x00000000d8d67800,0x00000000dda00000)
 Metaspace       used 2865K, capacity 4486K, committed 4864K, reserved 1056768K
  class space    used 308K, capacity 386K, committed 512K, reserved 1048576K
Event: 6,132 GC heap after
Heap after GC invocations=15 (full 4):
 PSYoungGen      total 148992K, used 105984K [0x00000000ec900000, 0x00000000fd380000, 0x0000000100000000)
  eden space 43008K, 0% used [0x00000000ec900000,0x00000000ec900000,0x00000000ef300000)
  from space 105984K, 100% used [0x00000000ef300000,0x00000000f5a80000,0x00000000f5a80000)
  to   space 105984K, 0% used [0x00000000f6c00000,0x00000000f6c00000,0x00000000fd380000)
 ParOldGen       total 393216K, used 349822K [0x00000000c5a00000, 0x00000000dda00000, 0x00000000ec900000)
  object space 393216K, 88% used [0x00000000c5a00000,0x00000000daf9f800,0x00000000dda00000)
 Metaspace       used 2865K, capacity 4486K, committed 4864K, reserved 1056768K
  class space    used 308K, capacity 386K, committed 512K, reserved 1048576K
}
Event: 6,132 GC heap before
{Heap before GC invocations=16 (full 5):
 PSYoungGen      total 148992K, used 105984K [0x00000000ec900000, 0x00000000fd380000, 0x0000000100000000)
  eden space 43008K, 0% used [0x00000000ec900000,0x00000000ec900000,0x00000000ef300000)
  from space 105984K, 100% used [0x00000000ef300000,0x00000000f5a80000,0x00000000f5a80000)
  to   space 105984K, 0% used [0x00000000f6c00000,0x00000000f6c00000,0x00000000fd380000)
 ParOldGen       total 393216K, used 349822K [0x00000000c5a00000, 0x00000000dda00000, 0x00000000ec900000)
  object space 393216K, 88% used [0x00000000c5a00000,0x00000000daf9f800,0x00000000dda00000)
 Metaspace       used 2865K, capacity 4486K, committed 4864K, reserved 1056768K
  class space    used 308K, capacity 386K, committed 512K, reserved 1048576K

