# JRE version: Java(TM) SE Runtime Environment (8.0_201-b09) (build 1.8.0_201-b09)
# Java VM: Java HotSpot(TM) 64-Bit Server VM (25.201-b09 mixed mode linux-amd64 compressed oops)
Heap:
 PSYoungGen      total 214016K, used 19202K [0x00000000ec900000, 0x0000000100000000, 0x0000000100000000)
  eden space 108544K, 0% used [0x00000000ec900000,0x00000000ec900000,0x00000000f3300000)
  from space 105472K, 18% used [0x00000000f9800000,0x00000000faac0b30,0x00000000fff00000)
  to   space 103424K, 0% used [0x00000000f3300000,0x00000000f3300000,0x00000000f9800000)
 ParOldGen       total 446464K, used 446103K [0x00000000c5a00000, 0x00000000e0e00000, 0x00000000ec900000)
  object space 446464K, 99% used [0x00000000c5a00000,0x00000000e0da5da8,0x00000000e0e00000)
 Metaspace       used 3420K, capacity 4562K, committed 4864K, reserved 1056768K
  class space    used 363K, capacity 386K, committed 512K, reserved 1048576K
GC Heap History (10 events):
Event: 254,024 GC heap after
Heap after GC invocations=128 (full 6):
 PSYoungGen      total 212480K, used 80434K [0x00000000ec900000, 0x0000000100000000, 0x0000000100000000)
  eden space 106496K, 0% used [0x00000000ec900000,0x00000000ec900000,0x00000000f3100000)
  from space 105984K, 75% used [0x00000000f9880000,0x00000000fe70c808,0x0000000100000000)
  to   space 105984K, 0% used [0x00000000f3100000,0x00000000f3100000,0x00000000f9880000)
 ParOldGen       total 446464K, used 359958K [0x00000000c5a00000, 0x00000000e0e00000, 0x00000000ec900000)
  object space 446464K, 80% used [0x00000000c5a00000,0x00000000db9859a0,0x00000000e0e00000)
 Metaspace       used 3420K, capacity 4562K, committed 4864K, reserved 1056768K
  class space    used 363K, capacity 386K, committed 512K, reserved 1048576K
}
Event: 257,363 GC heap before
{Heap before GC invocations=129 (full 6):
 PSYoungGen      total 212480K, used 186930K [0x00000000ec900000, 0x0000000100000000, 0x0000000100000000)
  eden space 106496K, 100% used [0x00000000ec900000,0x00000000f3100000,0x00000000f3100000)
  from space 105984K, 75% used [0x00000000f9880000,0x00000000fe70c808,0x0000000100000000)
  to   space 105984K, 0% used [0x00000000f3100000,0x00000000f3100000,0x00000000f9880000)
 ParOldGen       total 446464K, used 359958K [0x00000000c5a00000, 0x00000000e0e00000, 0x00000000ec900000)
  object space 446464K, 80% used [0x00000000c5a00000,0x00000000db9859a0,0x00000000e0e00000)
 Metaspace       used 3420K, capacity 4562K, committed 4864K, reserved 1056768K
  class space    used 363K, capacity 386K, committed 512K, reserved 1048576K
Event: 257,423 GC heap after
Heap after GC invocations=129 (full 6):
 PSYoungGen      total 212480K, used 72722K [0x00000000ec900000, 0x0000000100000000, 0x0000000100000000)
  eden space 106496K, 0% used [0x00000000ec900000,0x00000000ec900000,0x00000000f3100000)
  from space 105984K, 68% used [0x00000000f3100000,0x00000000f7804808,0x00000000f9880000)
  to   space 105984K, 0% used [0x00000000f9880000,0x00000000f9880000,0x0000000100000000)
 ParOldGen       total 446464K, used 375238K [0x00000000c5a00000, 0x00000000e0e00000, 0x00000000ec900000)
  object space 446464K, 84% used [0x00000000c5a00000,0x00000000dc8719a0,0x00000000e0e00000)
 Metaspace       used 3420K, capacity 4562K, committed 4864K, reserved 1056768K
  class space    used 363K, capacity 386K, committed 512K, reserved 1048576K
}
Event: 260,753 GC heap before
{Heap before GC invocations=130 (full 6):
 PSYoungGen      total 212480K, used 179218K [0x00000000ec900000, 0x0000000100000000, 0x0000000100000000)
  eden space 106496K, 100% used [0x00000000ec900000,0x00000000f3100000,0x00000000f3100000)
  from space 105984K, 68% used [0x00000000f3100000,0x00000000f7804808,0x00000000f9880000)
  to   space 105984K, 0% used [0x00000000f9880000,0x00000000f9880000,0x0000000100000000)
 ParOldGen       total 446464K, used 375238K [0x00000000c5a00000, 0x00000000e0e00000, 0x00000000ec900000)
  object space 446464K, 84% used [0x00000000c5a00000,0x00000000dc8719a0,0x00000000e0e00000)
 Metaspace       used 3420K, capacity 4562K, committed 4864K, reserved 1056768K
  class space    used 363K, capacity 386K, committed 512K, reserved 1048576K
Event: 260,811 GC heap after
Heap after GC invocations=130 (full 6):
 PSYoungGen      total 212480K, used 64274K [0x00000000ec900000, 0x0000000100000000, 0x0000000100000000)
  eden space 106496K, 0% used [0x00000000ec900000,0x00000000ec900000,0x00000000f3100000)
  from space 105984K, 60% used [0x00000000f9880000,0x00000000fd744808,0x0000000100000000)
  to   space 105984K, 0% used [0x00000000f3100000,0x00000000f3100000,0x00000000f9880000)
 ParOldGen       total 446464K, used 391278K [0x00000000c5a00000, 0x00000000e0e00000, 0x00000000ec900000)
  object space 446464K, 87% used [0x00000000c5a00000,0x00000000dd81b9a0,0x00000000e0e00000)
 Metaspace       used 3420K, capacity 4562K, committed 4864K, reserved 1056768K
  class space    used 363K, capacity 386K, committed 512K, reserved 1048576K
}
Event: 264,118 GC heap before
{Heap before GC invocations=131 (full 6):
 PSYoungGen      total 212480K, used 170770K [0x00000000ec900000, 0x0000000100000000, 0x0000000100000000)
  eden space 106496K, 100% used [0x00000000ec900000,0x00000000f3100000,0x00000000f3100000)
  from space 105984K, 60% used [0x00000000f9880000,0x00000000fd744808,0x0000000100000000)
  to   space 105984K, 0% used [0x00000000f3100000,0x00000000f3100000,0x00000000f9880000)
 ParOldGen       total 446464K, used 391278K [0x00000000c5a00000, 0x00000000e0e00000, 0x00000000ec900000)
  object space 446464K, 87% used [0x00000000c5a00000,0x00000000dd81b9a0,0x00000000e0e00000)
 Metaspace       used 3420K, capacity 4562K, committed 4864K, reserved 1056768K
  class space    used 363K, capacity 386K, committed 512K, reserved 1048576K
Event: 264,172 GC heap after
Heap after GC invocations=131 (full 6):
 PSYoungGen      total 154624K, used 47936K [0x00000000ec900000, 0x00000000fff00000, 0x0000000100000000)
  eden space 106496K, 0% used [0x00000000ec900000,0x00000000ec900000,0x00000000f3100000)
  from space 48128K, 99% used [0x00000000f3100000,0x00000000f5fd0000,0x00000000f6000000)
  to   space 105472K, 0% used [0x00000000f9800000,0x00000000f9800000,0x00000000fff00000)
 ParOldGen       total 446464K, used 415248K [0x00000000c5a00000, 0x00000000e0e00000, 0x00000000ec900000)
  object space 446464K, 93% used [0x00000000c5a00000,0x00000000def841a8,0x00000000e0e00000)
 Metaspace       used 3420K, capacity 4562K, committed 4864K, reserved 1056768K
  class space    used 363K, capacity 386K, committed 512K, reserved 1048576K
}
Event: 267,885 GC heap before
{Heap before GC invocations=132 (full 6):
 PSYoungGen      total 154624K, used 154432K [0x00000000ec900000, 0x00000000fff00000, 0x0000000100000000)
  eden space 106496K, 100% used [0x00000000ec900000,0x00000000f3100000,0x00000000f3100000)
  from space 48128K, 99% used [0x00000000f3100000,0x00000000f5fd0000,0x00000000f6000000)
  to   space 105472K, 0% used [0x00000000f9800000,0x00000000f9800000,0x00000000fff00000)
 ParOldGen       total 446464K, used 415248K [0x00000000c5a00000, 0x00000000e0e00000, 0x00000000ec900000)
  object space 446464K, 93% used [0x00000000c5a00000,0x00000000def841a8,0x00000000e0e00000)
 Metaspace       used 3420K, capacity 4562K, committed 4864K, reserved 1056768K
  class space    used 363K, capacity 386K, committed 512K, reserved 1048576K
Event: 267,937 GC heap after
Heap after GC invocations=132 (full 6):
 PSYoungGen      total 214016K, used 46496K [0x00000000ec900000, 0x0000000100000000, 0x0000000100000000)
  eden space 108544K, 0% used [0x00000000ec900000,0x00000000ec900000,0x00000000f3300000)
  from space 105472K, 44% used [0x00000000f9800000,0x00000000fc568000,0x00000000fff00000)
  to   space 103424K, 0% used [0x00000000f3300000,0x00000000f3300000,0x00000000f9800000)
 ParOldGen       total 446464K, used 424280K [0x00000000c5a00000, 0x00000000e0e00000, 0x00000000ec900000)
  object space 446464K, 95% used [0x00000000c5a00000,0x00000000df8561a8,0x00000000e0e00000)
 Metaspace       used 3420K, capacity 4562K, committed 4864K, reserved 1056768K
  class space    used 363K, capacity 386K, committed 512K, reserved 1048576K
}
Event: 267,962 GC heap before
{Heap before GC invocations=133 (full 7):
 PSYoungGen      total 214016K, used 46496K [0x00000000ec900000, 0x0000000100000000, 0x0000000100000000)
  eden space 108544K, 0% used [0x00000000ec900000,0x00000000ec900000,0x00000000f3300000)
  from space 105472K, 44% used [0x00000000f9800000,0x00000000fc568000,0x00000000fff00000)
  to   space 103424K, 0% used [0x00000000f3300000,0x00000000f3300000,0x00000000f9800000)
 ParOldGen       total 446464K, used 424280K [0x00000000c5a00000, 0x00000000e0e00000, 0x00000000ec900000)
  object space 446464K, 95% used [0x00000000c5a00000,0x00000000df8561a8,0x00000000e0e00000)
 Metaspace       used 3420K, capacity 4562K, committed 4864K, reserved 1056768K
  class space    used 363K, capacity 386K, committed 512K, reserved 1048576K

